<?xml version="1.0" encoding="UTF-8"?>
<testng-results ignored="0" total="1" passed="1" failed="0" skipped="0">
  <reporter-output>
  </reporter-output>
  <suite started-at="2021-01-29T11:32:56 IST" name="Default suite" finished-at="2021-01-29T11:35:05 IST" duration-ms="128831">
    <groups>
    </groups>
    <test started-at="2021-01-29T11:32:56 IST" name="Default test" finished-at="2021-01-29T11:35:05 IST" duration-ms="128831">
      <class name="com.test.demo.TestClass">
        <test-method is-config="true" signature="beforeTest()[pri:0, instance:com.test.demo.TestClass@346d61be]" started-at="2021-01-29T11:32:56 IST" name="beforeTest" finished-at="2021-01-29T11:32:56 IST" duration-ms="16" status="PASS">
          <reporter-output>
          </reporter-output>
        </test-method> <!-- beforeTest -->
        <test-method signature="f()[pri:0, instance:com.test.demo.TestClass@346d61be]" started-at="2021-01-29T11:32:56 IST" name="f" finished-at="2021-01-29T11:34:48 IST" duration-ms="112036" status="PASS">
          <reporter-output>
          </reporter-output>
        </test-method> <!-- f -->
        <test-method is-config="true" signature="afterTest()[pri:0, instance:com.test.demo.TestClass@346d61be]" started-at="2021-01-29T11:34:48 IST" name="afterTest" finished-at="2021-01-29T11:35:05 IST" duration-ms="16446" status="PASS">
          <reporter-output>
          </reporter-output>
        </test-method> <!-- afterTest -->
      </class> <!-- com.test.demo.TestClass -->
    </test> <!-- Default test -->
  </suite> <!-- Default suite -->
</testng-results>
